Determining if the pthread_create exist failed with the following output:
Change Dir: /home/student/Desktop/CarND-Capstone/ros/build/CMakeFiles/CMakeTmp

Run Build Command:"/usr/bin/make" "cmTC_4ab28/fast"
/usr/bin/make -f CMakeFiles/cmTC_4ab28.dir/build.make CMakeFiles/cmTC_4ab28.dir/build
make[1]: Entering directory '/home/student/Desktop/CarND-Capstone/ros/build/CMakeFiles/CMakeTmp'
Building C object CMakeFiles/cmTC_4ab28.dir/CheckSymbolExists.c.o
/usr/bin/cc     -o CMakeFiles/cmTC_4ab28.dir/CheckSymbolExists.c.o   -c /home/student/Desktop/CarND-Capstone/ros/build/CMakeFiles/CMakeTmp/CheckSymbolExists.c
Linking C executable cmTC_4ab28
/usr/bin/cmake -E cmake_link_script CMakeFiles/cmTC_4ab28.dir/link.txt --verbose=1
/usr/bin/cc       CMakeFiles/cmTC_4ab28.dir/CheckSymbolExists.c.o  -o cmTC_4ab28 -rdynamic 
CMakeFiles/cmTC_4ab28.dir/CheckSymbolExists.c.o: In function `main':
CheckSymbolExists.c:(.text+0x16): undefined reference to `pthread_create'
collect2: error: ld returned 1 exit status
CMakeFiles/cmTC_4ab28.dir/build.make:97: recipe for target 'cmTC_4ab28' failed
make[1]: *** [cmTC_4ab28] Error 1
make[1]: Leaving directory '/home/student/Desktop/CarND-Capstone/ros/build/CMakeFiles/CMakeTmp'
Makefile:126: recipe for target 'cmTC_4ab28/fast' failed
make: *** [cmTC_4ab28/fast] Error 2

File /home/student/Desktop/CarND-Capstone/ros/build/CMakeFiles/CMakeTmp/CheckSymbolExists.c:
/* */
#include <pthread.h>

int main(int argc, char** argv)
{
  (void)argv;
#ifndef pthread_create
  return ((int*)(&pthread_create))[argc];
#else
  (void)argc;
  return 0;
#endif
}

Determining if the function pthread_create exists in the pthreads failed with the following output:
Change Dir: /home/student/Desktop/CarND-Capstone/ros/build/CMakeFiles/CMakeTmp

Run Build Command:"/usr/bin/make" "cmTC_8a1ef/fast"
/usr/bin/make -f CMakeFiles/cmTC_8a1ef.dir/build.make CMakeFiles/cmTC_8a1ef.dir/build
make[1]: Entering directory '/home/student/Desktop/CarND-Capstone/ros/build/CMakeFiles/CMakeTmp'
Building C object CMakeFiles/cmTC_8a1ef.dir/CheckFunctionExists.c.o
/usr/bin/cc    -DCHECK_FUNCTION_EXISTS=pthread_create   -o CMakeFiles/cmTC_8a1ef.dir/CheckFunctionExists.c.o   -c /usr/share/cmake-3.5/Modules/CheckFunctionExists.c
Linking C executable cmTC_8a1ef
/usr/bin/cmake -E cmake_link_script CMakeFiles/cmTC_8a1ef.dir/link.txt --verbose=1
/usr/bin/cc   -DCHECK_FUNCTION_EXISTS=pthread_create    CMakeFiles/cmTC_8a1ef.dir/CheckFunctionExists.c.o  -o cmTC_8a1ef -rdynamic -lpthreads 
/usr/bin/ld: cannot find -lpthreads
collect2: error: ld returned 1 exit status
CMakeFiles/cmTC_8a1ef.dir/build.make:97: recipe for target 'cmTC_8a1ef' failed
make[1]: *** [cmTC_8a1ef] Error 1
make[1]: Leaving directory '/home/student/Desktop/CarND-Capstone/ros/build/CMakeFiles/CMakeTmp'
Makefile:126: recipe for target 'cmTC_8a1ef/fast' failed
make: *** [cmTC_8a1ef/fast] Error 2


